[debug] [2021-02-04T02:02:31.933Z] ----------------------------------------------------------------------
[debug] [2021-02-04T02:02:31.937Z] Command:       C:\Program Files\nodejs\node.exe C:\Users\josen\AppData\Roaming\npm\node_modules\firebase-tools\lib\bin\firebase.js init
[debug] [2021-02-04T02:02:31.937Z] CLI Version:   9.3.0
[debug] [2021-02-04T02:02:31.938Z] Platform:      win32
[debug] [2021-02-04T02:02:31.938Z] Node Version:  v14.13.1
[debug] [2021-02-04T02:02:31.939Z] Time:          Wed Feb 03 2021 23:02:31 GMT-0300 (hora estándar de Argentina)
[debug] [2021-02-04T02:02:31.940Z] ----------------------------------------------------------------------
[debug] [2021-02-04T02:02:31.940Z] 
[debug] [2021-02-04T02:02:31.950Z] > command requires scopes: ["email","openid","https://www.googleapis.com/auth/cloudplatformprojects.readonly","https://www.googleapis.com/auth/firebase","https://www.googleapis.com/auth/cloud-platform"]
[debug] [2021-02-04T02:02:31.951Z] > authorizing via signed-in user
[info] 
     ######## #### ########  ######## ########     ###     ######  ########
     ##        ##  ##     ## ##       ##     ##  ##   ##  ##       ##
     ######    ##  ########  ######   ########  #########  ######  ######
     ##        ##  ##    ##  ##       ##     ## ##     ##       ## ##
     ##       #### ##     ## ######## ########  ##     ##  ######  ########

You're about to initialize a Firebase project in this directory:

  C:\Users\josen\Desktop\ego-app

Before we get started, keep in mind:

  * You are initializing in an existing Firebase project directory

